<?xml version="1.0" encoding="UTF-8"?>
<testng-results skipped="0" failed="0" total="1" passed="1">
  <reporter-output>
  </reporter-output>
  <suite name="Default suite" duration-ms="13384" started-at="2019-03-18T03:09:19Z" finished-at="2019-03-18T03:09:32Z">
    <groups>
    </groups>
    <test name="Default test" duration-ms="13384" started-at="2019-03-18T03:09:19Z" finished-at="2019-03-18T03:09:32Z">
      <class name="Divya.MavenDemo.Calculator">
        <test-method status="PASS" signature="setup()[pri:0, instance:Divya.MavenDemo.Calculator@675d3402]" name="setup" is-config="true" duration-ms="6774" started-at="2019-03-17T20:09:19Z" finished-at="2019-03-17T20:09:26Z">
          <reporter-output>
          </reporter-output>
        </test-method> <!-- setup -->
        <test-method status="PASS" signature="testCal()[pri:0, instance:Divya.MavenDemo.Calculator@675d3402]" name="testCal" duration-ms="3974" started-at="2019-03-17T20:09:26Z" finished-at="2019-03-17T20:09:30Z">
          <reporter-output>
          </reporter-output>
        </test-method> <!-- testCal -->
        <test-method status="PASS" signature="teardown()[pri:0, instance:Divya.MavenDemo.Calculator@675d3402]" name="teardown" is-config="true" duration-ms="2596" started-at="2019-03-17T20:09:30Z" finished-at="2019-03-17T20:09:32Z">
          <reporter-output>
          </reporter-output>
        </test-method> <!-- teardown -->
      </class> <!-- Divya.MavenDemo.Calculator -->
    </test> <!-- Default test -->
  </suite> <!-- Default suite -->
</testng-results>
